<?xml version="1.0" encoding="UTF-8"?>
<!-- Generated by org.testng.reporters.JUnitXMLReporter -->
<testsuite hostname="Jayarees-MacBook-Pro.local" ignored="0" name="Chrome" tests="27" failures="5" timestamp="21 Aug 2019 14:11:02 GMT" time="934.362" errors="0">
  <testcase name="i_am_not_a_user_of_Agate_I_open_a_browser" time="1.785" classname="Stepdef.Popbitch_register_First_Use_notice"/>
  <testcase name="i_navigate_to_popbitch_com_from_the_browser" time="5.362" classname="Stepdef.Popbitch_register_First_Use_notice"/>
  <testcase name="i_click_on_the_create_agate_wallet_from_the_first_use_notice" time="11.153" classname="Stepdef.Popbitch_register_First_Use_notice"/>
  <testcase name="i_verify_that_the_create_wallet_button_navigates_me_to_the_sign_up_page" time="32.857" classname="Stepdef.Popbitch_register_First_Use_notice"/>
  <testcase name="i_enter_the_correct_details_and_hit_the_Register_button" time="41.448" classname="Stepdef.Popbitch_register_First_Use_notice"/>
  <testcase name="i_login_successfully" time="5.019" classname="Stepdef.Popbitch_register_First_Use_notice"/>
  <testcase name="finish_Notice_appears" time="24.623" classname="Stepdef.Popbitch_register_First_Use_notice"/>
  <testcase name="finish_notice_elements_are_displayed" time="45.915" classname="Stepdef.Popbitch_register_First_Use_notice"/>
  <testcase name="i_am_a_registered_user_I_open_the_browser" time="0.841" classname="Stepdef.Popbitch_login_First_Use_Notice"/>
  <testcase name="i_navigate_to_popbitch_com" time="5.355" classname="Stepdef.Popbitch_login_First_Use_Notice"/>
  <testcase name="i_Click_on_Login_to_Agate_from_the_Pop_Bitch_First_use_notice" time="20.188" classname="Stepdef.Popbitch_login_First_Use_Notice"/>
  <testcase name="i_verify_that_the_Login_Button_Navigates_me_to_the_login_page" time="10.423" classname="Stepdef.Popbitch_login_First_Use_Notice"/>
  <testcase name="i_Login_with_correct_Details" time="7.702" classname="Stepdef.Popbitch_login_First_Use_Notice"/>
  <testcase name="i_verify_that_I_am_navigated_to_the_full_article" time="48.386" classname="Stepdef.Popbitch_login_First_Use_Notice"/>
  <testcase name="i_am_a_registered_Agate_User_and_I_login_in_to_popbitch_staging_with_username_as_and_password_as" time="52.727" classname="Stepdef.popbitch_transaction"/>
  <testcase name="i_read_a_premium_article" time="12.507" classname="Stepdef.popbitch_transaction"/>
  <testcase name="the_wallet_balance_and_free_point_are_deducted_by_p" time="10.174" classname="Stepdef.popbitch_transaction"/>
  <testcase name="the_New_European_wallet_balance_is_updated_same_as_popbitch_and_free_point_remains_uneffected" time="0.001" classname="Stepdef.popbitch_transaction"/>
  <testcase name="reactions_wallet_balance_is_updated_and_free_point_remains_uneffected" time="102.312" classname="Stepdef.popbitch_transaction"/>
  <testcase name="Cornwall_wallet_balance_is_updated_and_free_point_remains_uneffected" time="129.778" classname="Stepdef.popbitch_transaction"/>
  <testcase name="cricketer_wallet_balance_remains_and_is_uneffected" time="98.014" classname="Stepdef.popbitch_transaction"/>
  <testcase name="slough_wallet_balance_remains_and_is_uneffected_by_popbitch" time="100.496" classname="Stepdef.popbitch_transaction"/>
  <testcase name="slough_wallet_balance_remains_and_is_uneffected_by_Maiadenhead" time="24.648" classname="Stepdef.popbitch_transaction">
    <failure type="org.openqa.selenium.NoSuchElementException" message="no such element: Unable to locate element: {&amp;quot;method&amp;quot;:&amp;quot;id&amp;quot;,&amp;quot;selector&amp;quot;:&amp;quot;iframe__inpage_notices&amp;quot;}
  (Session info: chrome=76.0.3809.100)
  (Driver info: chromedriver=2.43.600229 (3fae4d0cda5334b4f533bede5a4787f7b832d052),platform=Mac OS X 10.14.5 x86_64) (WARNING: The server did not provide any stacktrace information)
Command duration or timeout: 0 milliseconds
For documentation on this error, please visit: https://www.seleniumhq.org/exceptions/no_such_element.html
Build info: version: &amp;apos;3.141.59&amp;apos;, revision: &amp;apos;e82be7d358&amp;apos;, time: &amp;apos;2018-11-14T08:17:03&amp;apos;
System info: host: &amp;apos;Jayarees-MacBook-Pro.local&amp;apos;, ip: &amp;apos;fe80:0:0:0:10e4:d49a:494d:29c%en0&amp;apos;, os.name: &amp;apos;Mac OS X&amp;apos;, os.arch: &amp;apos;x86_64&amp;apos;, os.version: &amp;apos;10.14.5&amp;apos;, java.version: &amp;apos;1.8.0_191&amp;apos;
Driver info: org.openqa.selenium.chrome.ChromeDriver
Capabilities {acceptInsecureCerts: false, acceptSslCerts: false, applicationCacheEnabled: false, browserConnectionEnabled: false, browserName: chrome, chrome: {chromedriverVersion: 2.43.600229 (3fae4d0cda5334..., userDataDir: /var/folders/s6/h3svzd2j4f3...}, cssSelectorsEnabled: true, databaseEnabled: false, goog:chromeOptions: {debuggerAddress: localhost:61593}, handlesAlerts: true, hasTouchScreen: false, javascriptEnabled: true, locationContextEnabled: true, mobileEmulationEnabled: false, nativeEvents: true, networkConnectionEnabled: false, pageLoadStrategy: normal, platform: MAC, platformName: MAC, rotatable: false, setWindowRect: true, takesHeapSnapshot: true, takesScreenshot: true, unexpectedAlertBehaviour: , unhandledPromptBehavior: , version: 76.0.3809.100, webStorageEnabled: true}
Session ID: da0a03af68e2056c771a3a8572c683f0
*** Element info: {Using=id, value=iframe__inpage_notices}">
      <![CDATA[org.openqa.selenium.NoSuchElementException: no such element: Unable to locate element: {"method":"id","selector":"iframe__inpage_notices"}
  (Session info: chrome=76.0.3809.100)
  (Driver info: chromedriver=2.43.600229 (3fae4d0cda5334b4f533bede5a4787f7b832d052),platform=Mac OS X 10.14.5 x86_64) (WARNING: The server did not provide any stacktrace information)
Command duration or timeout: 0 milliseconds
For documentation on this error, please visit: https://www.seleniumhq.org/exceptions/no_such_element.html
Build info: version: '3.141.59', revision: 'e82be7d358', time: '2018-11-14T08:17:03'
System info: host: 'Jayarees-MacBook-Pro.local', ip: 'fe80:0:0:0:10e4:d49a:494d:29c%en0', os.name: 'Mac OS X', os.arch: 'x86_64', os.version: '10.14.5', java.version: '1.8.0_191'
Driver info: org.openqa.selenium.chrome.ChromeDriver
Capabilities {acceptInsecureCerts: false, acceptSslCerts: false, applicationCacheEnabled: false, browserConnectionEnabled: false, browserName: chrome, chrome: {chromedriverVersion: 2.43.600229 (3fae4d0cda5334..., userDataDir: /var/folders/s6/h3svzd2j4f3...}, cssSelectorsEnabled: true, databaseEnabled: false, goog:chromeOptions: {debuggerAddress: localhost:61593}, handlesAlerts: true, hasTouchScreen: false, javascriptEnabled: true, locationContextEnabled: true, mobileEmulationEnabled: false, nativeEvents: true, networkConnectionEnabled: false, pageLoadStrategy: normal, platform: MAC, platformName: MAC, rotatable: false, setWindowRect: true, takesHeapSnapshot: true, takesScreenshot: true, unexpectedAlertBehaviour: , unhandledPromptBehavior: , version: 76.0.3809.100, webStorageEnabled: true}
Session ID: da0a03af68e2056c771a3a8572c683f0
*** Element info: {Using=id, value=iframe__inpage_notices}
at org.openqa.selenium.remote.ErrorHandler.createThrowable(ErrorHandler.java:214)
at org.openqa.selenium.remote.ErrorHandler.throwIfResponseFailed(ErrorHandler.java:166)
at org.openqa.selenium.remote.http.JsonHttpResponseCodec.reconstructValue(JsonHttpResponseCodec.java:40)
at org.openqa.selenium.remote.http.AbstractHttpResponseCodec.decode(AbstractHttpResponseCodec.java:80)
at org.openqa.selenium.remote.http.AbstractHttpResponseCodec.decode(AbstractHttpResponseCodec.java:44)
at org.openqa.selenium.remote.HttpCommandExecutor.execute(HttpCommandExecutor.java:158)
at org.openqa.selenium.remote.service.DriverCommandExecutor.execute(DriverCommandExecutor.java:83)
at org.openqa.selenium.remote.RemoteWebDriver.execute(RemoteWebDriver.java:552)
at org.openqa.selenium.remote.RemoteWebDriver.findElement(RemoteWebDriver.java:323)
at org.openqa.selenium.remote.RemoteWebDriver.findElementById(RemoteWebDriver.java:372)
at org.openqa.selenium.By$ById.findElement(By.java:188)
at org.openqa.selenium.remote.RemoteWebDriver.findElement(RemoteWebDriver.java:315)
at Elements.New_Pub_Notice.Newpub_charge_off(New_Pub_Notice.java:35)
at Stepdef.popbitch_transaction.slough_wallet_balance_remains_and_is_uneffected_by_Maiadenhead(popbitch_transaction.java:738)
... Removed 29 stack frames]]>
    </failure>
  </testcase> <!-- slough_wallet_balance_remains_and_is_uneffected_by_Maiadenhead -->
  <testcase name="windsor_wallet_balance_remains_and_is_uneffected_by_Maiadenhead" time="90.953" classname="Stepdef.popbitch_transaction">
    <failure type="java.lang.AssertionError" message="expected:&amp;lt;8.3&amp;gt; but was:&amp;lt;8.5&amp;gt;">
      <![CDATA[java.lang.AssertionError: expected:<8.3> but was:<8.5>
at Stepdef.popbitch_transaction.windsor_wallet_balance_remains_and_is_uneffected_by_Maiadenhead(popbitch_transaction.java:827)
... Removed 29 stack frames]]>
    </failure>
  </testcase> <!-- windsor_wallet_balance_remains_and_is_uneffected_by_Maiadenhead -->
  <testcase name="slug_recognition_works_on_maidenhead_from_popbitch" time="17.213" classname="Stepdef.popbitch_transaction">
    <failure type="java.lang.AssertionError" message="expected:&amp;lt;8.1&amp;gt; but was:&amp;lt;8.5&amp;gt;">
      <![CDATA[java.lang.AssertionError: expected:<8.1> but was:<8.5>
at Stepdef.popbitch_transaction.slug_recognition_works_on_maidenhead_from_popbitch(popbitch_transaction.java:952)
... Removed 29 stack frames]]>
    </failure>
  </testcase> <!-- slug_recognition_works_on_maidenhead_from_popbitch -->
  <testcase name="slug_recognition_works_on_Slough" time="17.1" classname="Stepdef.popbitch_transaction">
    <failure type="java.lang.AssertionError" message="expected:&amp;lt;8.1&amp;gt; but was:&amp;lt;8.5&amp;gt;">
      <![CDATA[java.lang.AssertionError: expected:<8.1> but was:<8.5>
at Stepdef.popbitch_transaction.slug_recognition_works_on_Slough(popbitch_transaction.java:1008)
... Removed 29 stack frames]]>
    </failure>
  </testcase> <!-- slug_recognition_works_on_Slough -->
  <testcase name="slug_recognition_works_on_Windsor" time="17.323" classname="Stepdef.popbitch_transaction">
    <failure type="java.lang.AssertionError" message="expected:&amp;lt;8.1&amp;gt; but was:&amp;lt;8.5&amp;gt;">
      <![CDATA[java.lang.AssertionError: expected:<8.1> but was:<8.5>
at Stepdef.popbitch_transaction.slug_recognition_works_on_Windsor(popbitch_transaction.java:1063)
... Removed 29 stack frames]]>
    </failure>
  </testcase> <!-- slug_recognition_works_on_Windsor -->
</testsuite> <!-- Chrome -->
