<!DOCTYPE html>

<html>
  <head>
  <meta charset='utf-8'>
  <title>TestNG reports</title>

    <link type="text/css" href="testng-reports.css" rel="stylesheet" />
    <script type="text/javascript" src="jquery-1.7.1.min.js"></script>
    <script type="text/javascript" src="testng-reports.js"></script>
    <script type="text/javascript" src="https://www.google.com/jsapi"></script>
    <script type='text/javascript'>
      google.load('visualization', '1', {packages:['table']});
      google.setOnLoadCallback(drawTable);
      var suiteTableInitFunctions = new Array();
      var suiteTableData = new Array();
    </script>
    <!--
      <script type="text/javascript" src="jquery-ui/js/jquery-ui-1.8.16.custom.min.js"></script>
     -->
  </head>

  <body>
    <div class="top-banner-root">
      <span class="top-banner-title-font">Test results</span>
      <br/>
      <span class="top-banner-font-1">1 suite, 12 failed tests</span>
    </div> <!-- top-banner-root -->
    <div class="navigator-root">
      <div class="navigator-suite-header">
        <span>All suites</span>
        <a href="#" class="collapse-all-link" title="Collapse/expand all the suites">
          <img class="collapse-all-icon" src="collapseall.gif">
          </img> <!-- collapse-all-icon -->
        </a> <!-- collapse-all-link -->
      </div> <!-- navigator-suite-header -->
      <div class="suite">
        <div class="rounded-window">
          <div class="suite-header light-rounded-window-top">
            <a href="#" class="navigator-link" panel-name="suite-_Popbitch_Chrome">
              <span class="suite-name border-failed"> Popbitch Chrome</span>
            </a> <!-- navigator-link -->
          </div> <!-- suite-header light-rounded-window-top -->
          <div class="navigator-suite-content">
            <div class="suite-section-title">
              <span>Info</span>
            </div> <!-- suite-section-title -->
            <div class="suite-section-content">
              <ul>
                <li>
                  <a href="#" class="navigator-link " panel-name="test-xml-_Popbitch_Chrome">
                    <span>1Popbitch_chrome.xml</span>
                  </a> <!-- navigator-link  -->
                </li>
                <li>
                  <a href="#" class="navigator-link " panel-name="testlist-_Popbitch_Chrome">
                    <span class="test-stats">1 test</span>
                  </a> <!-- navigator-link  -->
                </li>
                <li>
                  <a href="#" class="navigator-link " panel-name="group-_Popbitch_Chrome">
                    <span>0 groups</span>
                  </a> <!-- navigator-link  -->
                </li>
                <li>
                  <a href="#" class="navigator-link " panel-name="times-_Popbitch_Chrome">
                    <span>Times</span>
                  </a> <!-- navigator-link  -->
                </li>
                <li>
                  <a href="#" class="navigator-link " panel-name="reporter-_Popbitch_Chrome">
                    <span>Reporter output</span>
                  </a> <!-- navigator-link  -->
                </li>
                <li>
                  <a href="#" class="navigator-link " panel-name="ignored-methods-_Popbitch_Chrome">
                    <span>Ignored methods</span>
                  </a> <!-- navigator-link  -->
                </li>
                <li>
                  <a href="#" class="navigator-link " panel-name="chronological-_Popbitch_Chrome">
                    <span>Chronological view</span>
                  </a> <!-- navigator-link  -->
                </li>
              </ul>
            </div> <!-- suite-section-content -->
            <div class="result-section">
              <div class="suite-section-title">
                <span>Results</span>
              </div> <!-- suite-section-title -->
              <div class="suite-section-content">
                <ul>
                  <li>
                    <span class="method-stats">22 methods, 12 failed,   10 passed</span>
                  </li>
                  <li>
                    <span class="method-list-title failed">Failed methods</span>
                    <span class="show-or-hide-methods failed">
                      <a href="#" panel-name="suite-_Popbitch_Chrome" class="hide-methods failed suite-_Popbitch_Chrome"> (hide)</a> <!-- hide-methods failed suite-_Popbitch_Chrome -->
                      <a href="#" panel-name="suite-_Popbitch_Chrome" class="show-methods failed suite-_Popbitch_Chrome"> (show)</a> <!-- show-methods failed suite-_Popbitch_Chrome -->
                    </span>
                    <div class="method-list-content failed suite-_Popbitch_Chrome">
                      <span>
                        <img width="3%" src="failed.png"/>
                        <a href="#" class="method navigator-link" panel-name="suite-_Popbitch_Chrome" title="Stepdef.popbitch_transaction" hash-for-method="Cornwall_wallet_balance_is_updated_and_free_point_remains_uneffected">Cornwall_wallet_balance_is_updated_and_free_point_remains_uneffected</a> <!-- method navigator-link -->
                      </span>
                      <br/>
                      <span>
                        <img width="3%" src="failed.png"/>
                        <a href="#" class="method navigator-link" panel-name="suite-_Popbitch_Chrome" title="Stepdef.popbitch_transaction" hash-for-method="cricketer_wallet_balance_remains_and_is_uneffected">cricketer_wallet_balance_remains_and_is_uneffected</a> <!-- method navigator-link -->
                      </span>
                      <br/>
                      <span>
                        <img width="3%" src="failed.png"/>
                        <a href="#" class="method navigator-link" panel-name="suite-_Popbitch_Chrome" title="Stepdef.Popbitch_register_First_Use_notice" hash-for-method="finish_Notice_appears">finish_Notice_appears</a> <!-- method navigator-link -->
                      </span>
                      <br/>
                      <span>
                        <img width="3%" src="failed.png"/>
                        <a href="#" class="method navigator-link" panel-name="suite-_Popbitch_Chrome" title="Stepdef.Popbitch_register_First_Use_notice" hash-for-method="finish_notice_elements_are_displayed">finish_notice_elements_are_displayed</a> <!-- method navigator-link -->
                      </span>
                      <br/>
                      <span>
                        <img width="3%" src="failed.png"/>
                        <a href="#" class="method navigator-link" panel-name="suite-_Popbitch_Chrome" title="Stepdef.popbitch_transaction" hash-for-method="i_am_a_registered_Agate_User_and_I_login_in_to_popbitch_staging_with_username_as_and_password_as(Chrome)">i_am_a_registered_Agate_User_and_I_login_in_to_popbitch_staging_with_username_as_and_password_as(Chrome)</a> <!-- method navigator-link -->
                      </span>
                      <br/>
                      <span>
                        <img width="3%" src="failed.png"/>
                        <a href="#" class="method navigator-link" panel-name="suite-_Popbitch_Chrome" title="Stepdef.Popbitch_register_First_Use_notice" hash-for-method="i_enter_the_correct_details_and_hit_the_Register_button">i_enter_the_correct_details_and_hit_the_Register_button</a> <!-- method navigator-link -->
                      </span>
                      <br/>
                      <span>
                        <img width="3%" src="failed.png"/>
                        <a href="#" class="method navigator-link" panel-name="suite-_Popbitch_Chrome" title="Stepdef.Popbitch_register_First_Use_notice" hash-for-method="i_login_successfully">i_login_successfully</a> <!-- method navigator-link -->
                      </span>
                      <br/>
                      <span>
                        <img width="3%" src="failed.png"/>
                        <a href="#" class="method navigator-link" panel-name="suite-_Popbitch_Chrome" title="Stepdef.popbitch_transaction" hash-for-method="i_read_a_premium_article">i_read_a_premium_article</a> <!-- method navigator-link -->
                      </span>
                      <br/>
                      <span>
                        <img width="3%" src="failed.png"/>
                        <a href="#" class="method navigator-link" panel-name="suite-_Popbitch_Chrome" title="Stepdef.Popbitch_login_First_Use_Notice" hash-for-method="i_verify_that_I_am_navigated_to_the_full_article">i_verify_that_I_am_navigated_to_the_full_article</a> <!-- method navigator-link -->
                      </span>
                      <br/>
                      <span>
                        <img width="3%" src="failed.png"/>
                        <a href="#" class="method navigator-link" panel-name="suite-_Popbitch_Chrome" title="Stepdef.Popbitch_register_First_Use_notice" hash-for-method="i_verify_that_the_create_wallet_button_navigates_me_to_the_sign_up_page">i_verify_that_the_create_wallet_button_navigates_me_to_the_sign_up_page</a> <!-- method navigator-link -->
                      </span>
                      <br/>
                      <span>
                        <img width="3%" src="failed.png"/>
                        <a href="#" class="method navigator-link" panel-name="suite-_Popbitch_Chrome" title="Stepdef.popbitch_transaction" hash-for-method="reactions_wallet_balance_is_updated_and_free_point_remains_uneffected">reactions_wallet_balance_is_updated_and_free_point_remains_uneffected</a> <!-- method navigator-link -->
                      </span>
                      <br/>
                      <span>
                        <img width="3%" src="failed.png"/>
                        <a href="#" class="method navigator-link" panel-name="suite-_Popbitch_Chrome" title="Stepdef.popbitch_transaction" hash-for-method="slough_wallet_balance_remains_and_is_uneffected_by_popbitch">slough_wallet_balance_remains_and_is_uneffected_by_popbitch</a> <!-- method navigator-link -->
                      </span>
                      <br/>
                    </div> <!-- method-list-content failed suite-_Popbitch_Chrome -->
                  </li>
                  <li>
                    <span class="method-list-title passed">Passed methods</span>
                    <span class="show-or-hide-methods passed">
                      <a href="#" panel-name="suite-_Popbitch_Chrome" class="hide-methods passed suite-_Popbitch_Chrome"> (hide)</a> <!-- hide-methods passed suite-_Popbitch_Chrome -->
                      <a href="#" panel-name="suite-_Popbitch_Chrome" class="show-methods passed suite-_Popbitch_Chrome"> (show)</a> <!-- show-methods passed suite-_Popbitch_Chrome -->
                    </span>
                    <div class="method-list-content passed suite-_Popbitch_Chrome">
                      <span>
                        <img width="3%" src="passed.png"/>
                        <a href="#" class="method navigator-link" panel-name="suite-_Popbitch_Chrome" title="Stepdef.Popbitch_login_First_Use_Notice" hash-for-method="i_Click_on_Login_to_Agate_from_the_Pop_Bitch_First_use_notice">i_Click_on_Login_to_Agate_from_the_Pop_Bitch_First_use_notice</a> <!-- method navigator-link -->
                      </span>
                      <br/>
                      <span>
                        <img width="3%" src="passed.png"/>
                        <a href="#" class="method navigator-link" panel-name="suite-_Popbitch_Chrome" title="Stepdef.Popbitch_login_First_Use_Notice" hash-for-method="i_Login_with_correct_Details">i_Login_with_correct_Details</a> <!-- method navigator-link -->
                      </span>
                      <br/>
                      <span>
                        <img width="3%" src="passed.png"/>
                        <a href="#" class="method navigator-link" panel-name="suite-_Popbitch_Chrome" title="Stepdef.Popbitch_login_First_Use_Notice" hash-for-method="i_am_a_registered_user_I_open_the_browser(Chrome)">i_am_a_registered_user_I_open_the_browser(Chrome)</a> <!-- method navigator-link -->
                      </span>
                      <br/>
                      <span>
                        <img width="3%" src="passed.png"/>
                        <a href="#" class="method navigator-link" panel-name="suite-_Popbitch_Chrome" title="Stepdef.Popbitch_register_First_Use_notice" hash-for-method="i_am_not_a_user_of_Agate_I_open_a_browser(Chrome)">i_am_not_a_user_of_Agate_I_open_a_browser(Chrome)</a> <!-- method navigator-link -->
                      </span>
                      <br/>
                      <span>
                        <img width="3%" src="passed.png"/>
                        <a href="#" class="method navigator-link" panel-name="suite-_Popbitch_Chrome" title="Stepdef.Popbitch_register_First_Use_notice" hash-for-method="i_click_on_the_create_agate_wallet_from_the_first_use_notice">i_click_on_the_create_agate_wallet_from_the_first_use_notice</a> <!-- method navigator-link -->
                      </span>
                      <br/>
                      <span>
                        <img width="3%" src="passed.png"/>
                        <a href="#" class="method navigator-link" panel-name="suite-_Popbitch_Chrome" title="Stepdef.Popbitch_login_First_Use_Notice" hash-for-method="i_navigate_to_popbitch_com">i_navigate_to_popbitch_com</a> <!-- method navigator-link -->
                      </span>
                      <br/>
                      <span>
                        <img width="3%" src="passed.png"/>
                        <a href="#" class="method navigator-link" panel-name="suite-_Popbitch_Chrome" title="Stepdef.Popbitch_register_First_Use_notice" hash-for-method="i_navigate_to_popbitch_com_from_the_browser">i_navigate_to_popbitch_com_from_the_browser</a> <!-- method navigator-link -->
                      </span>
                      <br/>
                      <span>
                        <img width="3%" src="passed.png"/>
                        <a href="#" class="method navigator-link" panel-name="suite-_Popbitch_Chrome" title="Stepdef.Popbitch_login_First_Use_Notice" hash-for-method="i_verify_that_the_Login_Button_Navigates_me_to_the_login_page">i_verify_that_the_Login_Button_Navigates_me_to_the_login_page</a> <!-- method navigator-link -->
                      </span>
                      <br/>
                      <span>
                        <img width="3%" src="passed.png"/>
                        <a href="#" class="method navigator-link" panel-name="suite-_Popbitch_Chrome" title="Stepdef.popbitch_transaction" hash-for-method="the_New_European_wallet_balance_is_updated_same_as_popbitch_and_free_point_remains_uneffected">the_New_European_wallet_balance_is_updated_same_as_popbitch_and_free_point_remains_uneffected</a> <!-- method navigator-link -->
                      </span>
                      <br/>
                      <span>
                        <img width="3%" src="passed.png"/>
                        <a href="#" class="method navigator-link" panel-name="suite-_Popbitch_Chrome" title="Stepdef.popbitch_transaction" hash-for-method="the_wallet_balance_and_free_point_are_deducted_by_p">the_wallet_balance_and_free_point_are_deducted_by_p</a> <!-- method navigator-link -->
                      </span>
                      <br/>
                    </div> <!-- method-list-content passed suite-_Popbitch_Chrome -->
                  </li>
                </ul>
              </div> <!-- suite-section-content -->
            </div> <!-- result-section -->
          </div> <!-- navigator-suite-content -->
        </div> <!-- rounded-window -->
      </div> <!-- suite -->
    </div> <!-- navigator-root -->
    <div class="wrapper">
      <div class="main-panel-root">
        <div panel-name="suite-_Popbitch_Chrome" class="panel _Popbitch_Chrome">
          <div class="suite-_Popbitch_Chrome-class-failed">
            <div class="main-panel-header rounded-window-top">
              <img src="failed.png"/>
              <span class="class-name">Stepdef.Popbitch_login_First_Use_Notice</span>
            </div> <!-- main-panel-header rounded-window-top -->
            <div class="main-panel-content rounded-window-bottom">
              <div class="method">
                <div class="method-content">
                  <a name="i_verify_that_I_am_navigated_to_the_full_article">
                  </a> <!-- i_verify_that_I_am_navigated_to_the_full_article -->
                  <span class="method-name">i_verify_that_I_am_navigated_to_the_full_article</span>
                  <div class="stack-trace">org.openqa.selenium.NoSuchWindowException: no such window: window was already closed
  (Session info: chrome=78.0.3904.108)
  (Driver info: chromedriver=2.43.600229 (3fae4d0cda5334b4f533bede5a4787f7b832d052),platform=Mac OS X 10.14.6 x86_64) (WARNING: The server did not provide any stacktrace information)
Command duration or timeout: 0 milliseconds
Build info: version: &apos;3.141.59&apos;, revision: &apos;e82be7d358&apos;, time: &apos;2018-11-14T08:17:03&apos;
System info: host: &apos;Jayarees-MacBook-Pro.local&apos;, ip: &apos;fe80:0:0:0:1cc3:52b0:3c0d:52ea%en0&apos;, os.name: &apos;Mac OS X&apos;, os.arch: &apos;x86_64&apos;, os.version: &apos;10.14.6&apos;, java.version: &apos;1.8.0_191&apos;
Driver info: org.openqa.selenium.chrome.ChromeDriver
Capabilities {acceptInsecureCerts: false, acceptSslCerts: false, applicationCacheEnabled: false, browserConnectionEnabled: false, browserName: chrome, chrome: {chromedriverVersion: 2.43.600229 (3fae4d0cda5334..., userDataDir: /var/folders/s6/h3svzd2j4f3...}, cssSelectorsEnabled: true, databaseEnabled: false, goog:chromeOptions: {debuggerAddress: localhost:56459}, handlesAlerts: true, hasTouchScreen: false, javascriptEnabled: true, locationContextEnabled: true, mobileEmulationEnabled: false, nativeEvents: true, networkConnectionEnabled: false, pageLoadStrategy: normal, platform: MAC, platformName: MAC, rotatable: false, setWindowRect: true, takesHeapSnapshot: true, takesScreenshot: true, unexpectedAlertBehaviour: , unhandledPromptBehavior: , version: 78.0.3904.108, webStorageEnabled: true}
Session ID: 7ddf3b1c4d836d112cf9749f05726046
*** Element info: {Using=class name, value=triangle__3TvaE}
	at org.openqa.selenium.remote.ErrorHandler.createThrowable(ErrorHandler.java:214)
	at org.openqa.selenium.remote.ErrorHandler.throwIfResponseFailed(ErrorHandler.java:166)
	at org.openqa.selenium.remote.http.JsonHttpResponseCodec.reconstructValue(JsonHttpResponseCodec.java:40)
	at org.openqa.selenium.remote.http.AbstractHttpResponseCodec.decode(AbstractHttpResponseCodec.java:80)
	at org.openqa.selenium.remote.http.AbstractHttpResponseCodec.decode(AbstractHttpResponseCodec.java:44)
	at org.openqa.selenium.remote.HttpCommandExecutor.execute(HttpCommandExecutor.java:158)
	at org.openqa.selenium.remote.service.DriverCommandExecutor.execute(DriverCommandExecutor.java:83)
	at org.openqa.selenium.remote.RemoteWebDriver.execute(RemoteWebDriver.java:552)
	at org.openqa.selenium.remote.RemoteWebDriver.findElement(RemoteWebDriver.java:323)
	at org.openqa.selenium.remote.RemoteWebDriver.findElementByClassName(RemoteWebDriver.java:412)
	at org.openqa.selenium.By$ByClassName.findElement(By.java:389)
	at org.openqa.selenium.remote.RemoteWebDriver.findElement(RemoteWebDriver.java:315)
	at Elements.PopbitchFirstUseNoticeElements.click_on_green_tab(PopbitchFirstUseNoticeElements.java:33)
	at Stepdef.Popbitch_login_First_Use_Notice.i_verify_that_I_am_navigated_to_the_full_article(Popbitch_login_First_Use_Notice.java:109)
... Removed 29 stack frames
</div> <!-- stack-trace -->
                </div> <!-- method-content -->
              </div> <!-- method -->
            </div> <!-- main-panel-content rounded-window-bottom -->
          </div> <!-- suite-_Popbitch_Chrome-class-failed -->
          <div class="suite-_Popbitch_Chrome-class-failed">
            <div class="main-panel-header rounded-window-top">
              <img src="failed.png"/>
              <span class="class-name">Stepdef.popbitch_transaction</span>
            </div> <!-- main-panel-header rounded-window-top -->
            <div class="main-panel-content rounded-window-bottom">
              <div class="method">
                <div class="method-content">
                  <a name="Cornwall_wallet_balance_is_updated_and_free_point_remains_uneffected">
                  </a> <!-- Cornwall_wallet_balance_is_updated_and_free_point_remains_uneffected -->
                  <span class="method-name">Cornwall_wallet_balance_is_updated_and_free_point_remains_uneffected</span>
                  <div class="stack-trace">org.openqa.selenium.WebDriverException: chrome not reachable
  (Session info: chrome=78.0.3904.108)
  (Driver info: chromedriver=2.43.600229 (3fae4d0cda5334b4f533bede5a4787f7b832d052),platform=Mac OS X 10.14.6 x86_64) (WARNING: The server did not provide any stacktrace information)
Command duration or timeout: 0 milliseconds
Build info: version: &apos;3.141.59&apos;, revision: &apos;e82be7d358&apos;, time: &apos;2018-11-14T08:17:03&apos;
System info: host: &apos;Jayarees-MacBook-Pro.local&apos;, ip: &apos;fe80:0:0:0:1cc3:52b0:3c0d:52ea%en0&apos;, os.name: &apos;Mac OS X&apos;, os.arch: &apos;x86_64&apos;, os.version: &apos;10.14.6&apos;, java.version: &apos;1.8.0_191&apos;
Driver info: org.openqa.selenium.chrome.ChromeDriver
Capabilities {acceptInsecureCerts: false, acceptSslCerts: false, applicationCacheEnabled: false, browserConnectionEnabled: false, browserName: chrome, chrome: {chromedriverVersion: 2.43.600229 (3fae4d0cda5334..., userDataDir: /var/folders/s6/h3svzd2j4f3...}, cssSelectorsEnabled: true, databaseEnabled: false, goog:chromeOptions: {debuggerAddress: localhost:56596}, handlesAlerts: true, hasTouchScreen: false, javascriptEnabled: true, locationContextEnabled: true, mobileEmulationEnabled: false, nativeEvents: true, networkConnectionEnabled: false, pageLoadStrategy: normal, platform: MAC, platformName: MAC, rotatable: false, setWindowRect: true, takesHeapSnapshot: true, takesScreenshot: true, unexpectedAlertBehaviour: , unhandledPromptBehavior: , version: 78.0.3904.108, webStorageEnabled: true}
Session ID: 18a3132ab9181f8638a69a518ded205d
	at org.openqa.selenium.remote.ErrorHandler.createThrowable(ErrorHandler.java:214)
	at org.openqa.selenium.remote.ErrorHandler.throwIfResponseFailed(ErrorHandler.java:166)
	at org.openqa.selenium.remote.http.JsonHttpResponseCodec.reconstructValue(JsonHttpResponseCodec.java:40)
	at org.openqa.selenium.remote.http.AbstractHttpResponseCodec.decode(AbstractHttpResponseCodec.java:80)
	at org.openqa.selenium.remote.http.AbstractHttpResponseCodec.decode(AbstractHttpResponseCodec.java:44)
	at org.openqa.selenium.remote.HttpCommandExecutor.execute(HttpCommandExecutor.java:158)
	at org.openqa.selenium.remote.service.DriverCommandExecutor.execute(DriverCommandExecutor.java:83)
	at org.openqa.selenium.remote.RemoteWebDriver.execute(RemoteWebDriver.java:552)
	at org.openqa.selenium.remote.RemoteWebDriver.get(RemoteWebDriver.java:277)
	at org.openqa.selenium.remote.RemoteWebDriver$RemoteNavigation.to(RemoteWebDriver.java:857)
	at Stepdef.popbitch_transaction.Cornwall_wallet_balance_is_updated_and_free_point_remains_uneffected(popbitch_transaction.java:276)
... Removed 29 stack frames
</div> <!-- stack-trace -->
                </div> <!-- method-content -->
              </div> <!-- method -->
              <div class="method">
                <div class="method-content">
                  <a name="cricketer_wallet_balance_remains_and_is_uneffected">
                  </a> <!-- cricketer_wallet_balance_remains_and_is_uneffected -->
                  <span class="method-name">cricketer_wallet_balance_remains_and_is_uneffected</span>
                  <div class="stack-trace">org.openqa.selenium.WebDriverException: chrome not reachable
  (Session info: chrome=78.0.3904.108)
  (Driver info: chromedriver=2.43.600229 (3fae4d0cda5334b4f533bede5a4787f7b832d052),platform=Mac OS X 10.14.6 x86_64) (WARNING: The server did not provide any stacktrace information)
Command duration or timeout: 0 milliseconds
Build info: version: &apos;3.141.59&apos;, revision: &apos;e82be7d358&apos;, time: &apos;2018-11-14T08:17:03&apos;
System info: host: &apos;Jayarees-MacBook-Pro.local&apos;, ip: &apos;fe80:0:0:0:1cc3:52b0:3c0d:52ea%en0&apos;, os.name: &apos;Mac OS X&apos;, os.arch: &apos;x86_64&apos;, os.version: &apos;10.14.6&apos;, java.version: &apos;1.8.0_191&apos;
Driver info: org.openqa.selenium.chrome.ChromeDriver
Capabilities {acceptInsecureCerts: false, acceptSslCerts: false, applicationCacheEnabled: false, browserConnectionEnabled: false, browserName: chrome, chrome: {chromedriverVersion: 2.43.600229 (3fae4d0cda5334..., userDataDir: /var/folders/s6/h3svzd2j4f3...}, cssSelectorsEnabled: true, databaseEnabled: false, goog:chromeOptions: {debuggerAddress: localhost:56596}, handlesAlerts: true, hasTouchScreen: false, javascriptEnabled: true, locationContextEnabled: true, mobileEmulationEnabled: false, nativeEvents: true, networkConnectionEnabled: false, pageLoadStrategy: normal, platform: MAC, platformName: MAC, rotatable: false, setWindowRect: true, takesHeapSnapshot: true, takesScreenshot: true, unexpectedAlertBehaviour: , unhandledPromptBehavior: , version: 78.0.3904.108, webStorageEnabled: true}
Session ID: 18a3132ab9181f8638a69a518ded205d
	at org.openqa.selenium.remote.ErrorHandler.createThrowable(ErrorHandler.java:214)
	at org.openqa.selenium.remote.ErrorHandler.throwIfResponseFailed(ErrorHandler.java:166)
	at org.openqa.selenium.remote.http.JsonHttpResponseCodec.reconstructValue(JsonHttpResponseCodec.java:40)
	at org.openqa.selenium.remote.http.AbstractHttpResponseCodec.decode(AbstractHttpResponseCodec.java:80)
	at org.openqa.selenium.remote.http.AbstractHttpResponseCodec.decode(AbstractHttpResponseCodec.java:44)
	at org.openqa.selenium.remote.HttpCommandExecutor.execute(HttpCommandExecutor.java:158)
	at org.openqa.selenium.remote.service.DriverCommandExecutor.execute(DriverCommandExecutor.java:83)
	at org.openqa.selenium.remote.RemoteWebDriver.execute(RemoteWebDriver.java:552)
	at org.openqa.selenium.remote.RemoteWebDriver.get(RemoteWebDriver.java:277)
	at org.openqa.selenium.remote.RemoteWebDriver$RemoteNavigation.to(RemoteWebDriver.java:857)
	at Stepdef.popbitch_transaction.cricketer_wallet_balance_remains_and_is_uneffected(popbitch_transaction.java:391)
... Removed 29 stack frames
</div> <!-- stack-trace -->
                </div> <!-- method-content -->
              </div> <!-- method -->
              <div class="method">
                <div class="method-content">
                  <a name="i_am_a_registered_Agate_User_and_I_login_in_to_popbitch_staging_with_username_as_and_password_as(Chrome)">
                  </a> <!-- i_am_a_registered_Agate_User_and_I_login_in_to_popbitch_staging_with_username_as_and_password_as(Chrome) -->
                  <span class="method-name">i_am_a_registered_Agate_User_and_I_login_in_to_popbitch_staging_with_username_as_and_password_as</span>
                  <span class="parameters">(Chrome)</span>
                  <div class="stack-trace">org.openqa.selenium.WebDriverException: chrome not reachable
  (Session info: chrome=78.0.3904.108)
  (Driver info: chromedriver=2.43.600229 (3fae4d0cda5334b4f533bede5a4787f7b832d052),platform=Mac OS X 10.14.6 x86_64) (WARNING: The server did not provide any stacktrace information)
Command duration or timeout: 0 milliseconds
Build info: version: &apos;3.141.59&apos;, revision: &apos;e82be7d358&apos;, time: &apos;2018-11-14T08:17:03&apos;
System info: host: &apos;Jayarees-MacBook-Pro.local&apos;, ip: &apos;fe80:0:0:0:1cc3:52b0:3c0d:52ea%en0&apos;, os.name: &apos;Mac OS X&apos;, os.arch: &apos;x86_64&apos;, os.version: &apos;10.14.6&apos;, java.version: &apos;1.8.0_191&apos;
Driver info: org.openqa.selenium.chrome.ChromeDriver
Capabilities {acceptInsecureCerts: false, acceptSslCerts: false, applicationCacheEnabled: false, browserConnectionEnabled: false, browserName: chrome, chrome: {chromedriverVersion: 2.43.600229 (3fae4d0cda5334..., userDataDir: /var/folders/s6/h3svzd2j4f3...}, cssSelectorsEnabled: true, databaseEnabled: false, goog:chromeOptions: {debuggerAddress: localhost:56596}, handlesAlerts: true, hasTouchScreen: false, javascriptEnabled: true, locationContextEnabled: true, mobileEmulationEnabled: false, nativeEvents: true, networkConnectionEnabled: false, pageLoadStrategy: normal, platform: MAC, platformName: MAC, rotatable: false, setWindowRect: true, takesHeapSnapshot: true, takesScreenshot: true, unexpectedAlertBehaviour: , unhandledPromptBehavior: , version: 78.0.3904.108, webStorageEnabled: true}
Session ID: 18a3132ab9181f8638a69a518ded205d
	at org.openqa.selenium.remote.ErrorHandler.createThrowable(ErrorHandler.java:214)
	at org.openqa.selenium.remote.ErrorHandler.throwIfResponseFailed(ErrorHandler.java:166)
	at org.openqa.selenium.remote.http.JsonHttpResponseCodec.reconstructValue(JsonHttpResponseCodec.java:40)
	at org.openqa.selenium.remote.http.AbstractHttpResponseCodec.decode(AbstractHttpResponseCodec.java:80)
	at org.openqa.selenium.remote.http.AbstractHttpResponseCodec.decode(AbstractHttpResponseCodec.java:44)
	at org.openqa.selenium.remote.HttpCommandExecutor.execute(HttpCommandExecutor.java:158)
	at org.openqa.selenium.remote.service.DriverCommandExecutor.execute(DriverCommandExecutor.java:83)
	at org.openqa.selenium.remote.RemoteWebDriver.execute(RemoteWebDriver.java:552)
	at org.openqa.selenium.remote.RemoteWebDriver.executeScript(RemoteWebDriver.java:489)
	at Elements.PopbitchFirstUseNoticeElements.Click_On_Popbitch_First_Use_Notice_Login(PopbitchFirstUseNoticeElements.java:62)
	at Stepdef.popbitch_transaction.i_am_a_registered_Agate_User_and_I_login_in_to_popbitch_staging_with_username_as_and_password_as(popbitch_transaction.java:64)
... Removed 29 stack frames
</div> <!-- stack-trace -->
                </div> <!-- method-content -->
              </div> <!-- method -->
              <div class="method">
                <div class="method-content">
                  <a name="i_read_a_premium_article">
                  </a> <!-- i_read_a_premium_article -->
                  <span class="method-name">i_read_a_premium_article</span>
                  <div class="stack-trace">org.openqa.selenium.WebDriverException: chrome not reachable
  (Session info: chrome=78.0.3904.108)
  (Driver info: chromedriver=2.43.600229 (3fae4d0cda5334b4f533bede5a4787f7b832d052),platform=Mac OS X 10.14.6 x86_64) (WARNING: The server did not provide any stacktrace information)
Command duration or timeout: 0 milliseconds
Build info: version: &apos;3.141.59&apos;, revision: &apos;e82be7d358&apos;, time: &apos;2018-11-14T08:17:03&apos;
System info: host: &apos;Jayarees-MacBook-Pro.local&apos;, ip: &apos;fe80:0:0:0:1cc3:52b0:3c0d:52ea%en0&apos;, os.name: &apos;Mac OS X&apos;, os.arch: &apos;x86_64&apos;, os.version: &apos;10.14.6&apos;, java.version: &apos;1.8.0_191&apos;
Driver info: org.openqa.selenium.chrome.ChromeDriver
Capabilities {acceptInsecureCerts: false, acceptSslCerts: false, applicationCacheEnabled: false, browserConnectionEnabled: false, browserName: chrome, chrome: {chromedriverVersion: 2.43.600229 (3fae4d0cda5334..., userDataDir: /var/folders/s6/h3svzd2j4f3...}, cssSelectorsEnabled: true, databaseEnabled: false, goog:chromeOptions: {debuggerAddress: localhost:56596}, handlesAlerts: true, hasTouchScreen: false, javascriptEnabled: true, locationContextEnabled: true, mobileEmulationEnabled: false, nativeEvents: true, networkConnectionEnabled: false, pageLoadStrategy: normal, platform: MAC, platformName: MAC, rotatable: false, setWindowRect: true, takesHeapSnapshot: true, takesScreenshot: true, unexpectedAlertBehaviour: , unhandledPromptBehavior: , version: 78.0.3904.108, webStorageEnabled: true}
Session ID: 18a3132ab9181f8638a69a518ded205d
	at org.openqa.selenium.remote.ErrorHandler.createThrowable(ErrorHandler.java:214)
	at org.openqa.selenium.remote.ErrorHandler.throwIfResponseFailed(ErrorHandler.java:166)
	at org.openqa.selenium.remote.http.JsonHttpResponseCodec.reconstructValue(JsonHttpResponseCodec.java:40)
	at org.openqa.selenium.remote.http.AbstractHttpResponseCodec.decode(AbstractHttpResponseCodec.java:80)
	at org.openqa.selenium.remote.http.AbstractHttpResponseCodec.decode(AbstractHttpResponseCodec.java:44)
	at org.openqa.selenium.remote.HttpCommandExecutor.execute(HttpCommandExecutor.java:158)
	at org.openqa.selenium.remote.service.DriverCommandExecutor.execute(DriverCommandExecutor.java:83)
	at org.openqa.selenium.remote.RemoteWebDriver.execute(RemoteWebDriver.java:552)
	at org.openqa.selenium.remote.RemoteWebDriver.get(RemoteWebDriver.java:277)
	at org.openqa.selenium.remote.RemoteWebDriver$RemoteNavigation.to(RemoteWebDriver.java:857)
	at Stepdef.popbitch_transaction.i_read_a_premium_article(popbitch_transaction.java:93)
... Removed 29 stack frames
</div> <!-- stack-trace -->
                </div> <!-- method-content -->
              </div> <!-- method -->
              <div class="method">
                <div class="method-content">
                  <a name="reactions_wallet_balance_is_updated_and_free_point_remains_uneffected">
                  </a> <!-- reactions_wallet_balance_is_updated_and_free_point_remains_uneffected -->
                  <span class="method-name">reactions_wallet_balance_is_updated_and_free_point_remains_uneffected</span>
                  <div class="stack-trace">org.openqa.selenium.WebDriverException: chrome not reachable
  (Session info: chrome=78.0.3904.108)
  (Driver info: chromedriver=2.43.600229 (3fae4d0cda5334b4f533bede5a4787f7b832d052),platform=Mac OS X 10.14.6 x86_64) (WARNING: The server did not provide any stacktrace information)
Command duration or timeout: 0 milliseconds
Build info: version: &apos;3.141.59&apos;, revision: &apos;e82be7d358&apos;, time: &apos;2018-11-14T08:17:03&apos;
System info: host: &apos;Jayarees-MacBook-Pro.local&apos;, ip: &apos;fe80:0:0:0:1cc3:52b0:3c0d:52ea%en0&apos;, os.name: &apos;Mac OS X&apos;, os.arch: &apos;x86_64&apos;, os.version: &apos;10.14.6&apos;, java.version: &apos;1.8.0_191&apos;
Driver info: org.openqa.selenium.chrome.ChromeDriver
Capabilities {acceptInsecureCerts: false, acceptSslCerts: false, applicationCacheEnabled: false, browserConnectionEnabled: false, browserName: chrome, chrome: {chromedriverVersion: 2.43.600229 (3fae4d0cda5334..., userDataDir: /var/folders/s6/h3svzd2j4f3...}, cssSelectorsEnabled: true, databaseEnabled: false, goog:chromeOptions: {debuggerAddress: localhost:56596}, handlesAlerts: true, hasTouchScreen: false, javascriptEnabled: true, locationContextEnabled: true, mobileEmulationEnabled: false, nativeEvents: true, networkConnectionEnabled: false, pageLoadStrategy: normal, platform: MAC, platformName: MAC, rotatable: false, setWindowRect: true, takesHeapSnapshot: true, takesScreenshot: true, unexpectedAlertBehaviour: , unhandledPromptBehavior: , version: 78.0.3904.108, webStorageEnabled: true}
Session ID: 18a3132ab9181f8638a69a518ded205d
	at org.openqa.selenium.remote.ErrorHandler.createThrowable(ErrorHandler.java:214)
	at org.openqa.selenium.remote.ErrorHandler.throwIfResponseFailed(ErrorHandler.java:166)
	at org.openqa.selenium.remote.http.JsonHttpResponseCodec.reconstructValue(JsonHttpResponseCodec.java:40)
	at org.openqa.selenium.remote.http.AbstractHttpResponseCodec.decode(AbstractHttpResponseCodec.java:80)
	at org.openqa.selenium.remote.http.AbstractHttpResponseCodec.decode(AbstractHttpResponseCodec.java:44)
	at org.openqa.selenium.remote.HttpCommandExecutor.execute(HttpCommandExecutor.java:158)
	at org.openqa.selenium.remote.service.DriverCommandExecutor.execute(DriverCommandExecutor.java:83)
	at org.openqa.selenium.remote.RemoteWebDriver.execute(RemoteWebDriver.java:552)
	at org.openqa.selenium.remote.RemoteWebDriver.get(RemoteWebDriver.java:277)
	at org.openqa.selenium.remote.RemoteWebDriver$RemoteNavigation.to(RemoteWebDriver.java:857)
	at Stepdef.popbitch_transaction.reactions_wallet_balance_is_updated_and_free_point_remains_uneffected(popbitch_transaction.java:161)
... Removed 29 stack frames
</div> <!-- stack-trace -->
                </div> <!-- method-content -->
              </div> <!-- method -->
              <div class="method">
                <div class="method-content">
                  <a name="slough_wallet_balance_remains_and_is_uneffected_by_popbitch">
                  </a> <!-- slough_wallet_balance_remains_and_is_uneffected_by_popbitch -->
                  <span class="method-name">slough_wallet_balance_remains_and_is_uneffected_by_popbitch</span>
                  <div class="stack-trace">org.openqa.selenium.WebDriverException: chrome not reachable
  (Session info: chrome=78.0.3904.108)
  (Driver info: chromedriver=2.43.600229 (3fae4d0cda5334b4f533bede5a4787f7b832d052),platform=Mac OS X 10.14.6 x86_64) (WARNING: The server did not provide any stacktrace information)
Command duration or timeout: 0 milliseconds
Build info: version: &apos;3.141.59&apos;, revision: &apos;e82be7d358&apos;, time: &apos;2018-11-14T08:17:03&apos;
System info: host: &apos;Jayarees-MacBook-Pro.local&apos;, ip: &apos;fe80:0:0:0:1cc3:52b0:3c0d:52ea%en0&apos;, os.name: &apos;Mac OS X&apos;, os.arch: &apos;x86_64&apos;, os.version: &apos;10.14.6&apos;, java.version: &apos;1.8.0_191&apos;
Driver info: org.openqa.selenium.chrome.ChromeDriver
Capabilities {acceptInsecureCerts: false, acceptSslCerts: false, applicationCacheEnabled: false, browserConnectionEnabled: false, browserName: chrome, chrome: {chromedriverVersion: 2.43.600229 (3fae4d0cda5334..., userDataDir: /var/folders/s6/h3svzd2j4f3...}, cssSelectorsEnabled: true, databaseEnabled: false, goog:chromeOptions: {debuggerAddress: localhost:56596}, handlesAlerts: true, hasTouchScreen: false, javascriptEnabled: true, locationContextEnabled: true, mobileEmulationEnabled: false, nativeEvents: true, networkConnectionEnabled: false, pageLoadStrategy: normal, platform: MAC, platformName: MAC, rotatable: false, setWindowRect: true, takesHeapSnapshot: true, takesScreenshot: true, unexpectedAlertBehaviour: , unhandledPromptBehavior: , version: 78.0.3904.108, webStorageEnabled: true}
Session ID: 18a3132ab9181f8638a69a518ded205d
	at org.openqa.selenium.remote.ErrorHandler.createThrowable(ErrorHandler.java:214)
	at org.openqa.selenium.remote.ErrorHandler.throwIfResponseFailed(ErrorHandler.java:166)
	at org.openqa.selenium.remote.http.JsonHttpResponseCodec.reconstructValue(JsonHttpResponseCodec.java:40)
	at org.openqa.selenium.remote.http.AbstractHttpResponseCodec.decode(AbstractHttpResponseCodec.java:80)
	at org.openqa.selenium.remote.http.AbstractHttpResponseCodec.decode(AbstractHttpResponseCodec.java:44)
	at org.openqa.selenium.remote.HttpCommandExecutor.execute(HttpCommandExecutor.java:158)
	at org.openqa.selenium.remote.service.DriverCommandExecutor.execute(DriverCommandExecutor.java:83)
	at org.openqa.selenium.remote.RemoteWebDriver.execute(RemoteWebDriver.java:552)
	at org.openqa.selenium.remote.RemoteWebDriver.get(RemoteWebDriver.java:277)
	at org.openqa.selenium.remote.RemoteWebDriver$RemoteNavigation.to(RemoteWebDriver.java:857)
	at Stepdef.popbitch_transaction.slough_wallet_balance_remains_and_is_uneffected_by_popbitch(popbitch_transaction.java:490)
... Removed 29 stack frames
</div> <!-- stack-trace -->
                </div> <!-- method-content -->
              </div> <!-- method -->
            </div> <!-- main-panel-content rounded-window-bottom -->
          </div> <!-- suite-_Popbitch_Chrome-class-failed -->
          <div class="suite-_Popbitch_Chrome-class-failed">
            <div class="main-panel-header rounded-window-top">
              <img src="failed.png"/>
              <span class="class-name">Stepdef.Popbitch_register_First_Use_notice</span>
            </div> <!-- main-panel-header rounded-window-top -->
            <div class="main-panel-content rounded-window-bottom">
              <div class="method">
                <div class="method-content">
                  <a name="finish_Notice_appears">
                  </a> <!-- finish_Notice_appears -->
                  <span class="method-name">finish_Notice_appears</span>
                  <div class="stack-trace">org.openqa.selenium.NoSuchElementException: no such element: Unable to locate element: {&quot;method&quot;:&quot;xpath&quot;,&quot;selector&quot;:&quot;//*[@id=&quot;iframe__popup_notices&quot;]&quot;}
  (Session info: chrome=78.0.3904.108)
  (Driver info: chromedriver=2.43.600229 (3fae4d0cda5334b4f533bede5a4787f7b832d052),platform=Mac OS X 10.14.6 x86_64) (WARNING: The server did not provide any stacktrace information)
Command duration or timeout: 0 milliseconds
For documentation on this error, please visit: https://www.seleniumhq.org/exceptions/no_such_element.html
Build info: version: &apos;3.141.59&apos;, revision: &apos;e82be7d358&apos;, time: &apos;2018-11-14T08:17:03&apos;
System info: host: &apos;Jayarees-MacBook-Pro.local&apos;, ip: &apos;fe80:0:0:0:1cc3:52b0:3c0d:52ea%en0&apos;, os.name: &apos;Mac OS X&apos;, os.arch: &apos;x86_64&apos;, os.version: &apos;10.14.6&apos;, java.version: &apos;1.8.0_191&apos;
Driver info: org.openqa.selenium.chrome.ChromeDriver
Capabilities {acceptInsecureCerts: false, acceptSslCerts: false, applicationCacheEnabled: false, browserConnectionEnabled: false, browserName: chrome, chrome: {chromedriverVersion: 2.43.600229 (3fae4d0cda5334..., userDataDir: /var/folders/s6/h3svzd2j4f3...}, cssSelectorsEnabled: true, databaseEnabled: false, goog:chromeOptions: {debuggerAddress: localhost:56123}, handlesAlerts: true, hasTouchScreen: false, javascriptEnabled: true, locationContextEnabled: true, mobileEmulationEnabled: false, nativeEvents: true, networkConnectionEnabled: false, pageLoadStrategy: normal, platform: MAC, platformName: MAC, rotatable: false, setWindowRect: true, takesHeapSnapshot: true, takesScreenshot: true, unexpectedAlertBehaviour: , unhandledPromptBehavior: , version: 78.0.3904.108, webStorageEnabled: true}
Session ID: 44d0f58fcfdf2919147fee449330186b
*** Element info: {Using=xpath, value=//*[@id=&quot;iframe__popup_notices&quot;]}
	at org.openqa.selenium.remote.ErrorHandler.createThrowable(ErrorHandler.java:214)
	at org.openqa.selenium.remote.ErrorHandler.throwIfResponseFailed(ErrorHandler.java:166)
	at org.openqa.selenium.remote.http.JsonHttpResponseCodec.reconstructValue(JsonHttpResponseCodec.java:40)
	at org.openqa.selenium.remote.http.AbstractHttpResponseCodec.decode(AbstractHttpResponseCodec.java:80)
	at org.openqa.selenium.remote.http.AbstractHttpResponseCodec.decode(AbstractHttpResponseCodec.java:44)
	at org.openqa.selenium.remote.HttpCommandExecutor.execute(HttpCommandExecutor.java:158)
	at org.openqa.selenium.remote.service.DriverCommandExecutor.execute(DriverCommandExecutor.java:83)
	at org.openqa.selenium.remote.RemoteWebDriver.execute(RemoteWebDriver.java:552)
	at org.openqa.selenium.remote.RemoteWebDriver.findElement(RemoteWebDriver.java:323)
	at org.openqa.selenium.remote.RemoteWebDriver.findElementByXPath(RemoteWebDriver.java:428)
	at org.openqa.selenium.By$ByXPath.findElement(By.java:353)
	at org.openqa.selenium.remote.RemoteWebDriver.findElement(RemoteWebDriver.java:315)
	at Elements.Popbitch_Finish_Notice_elements.Verify_finish_notice_appears(Popbitch_Finish_Notice_elements.java:86)
	at Stepdef.Popbitch_register_First_Use_notice.finish_Notice_appears(Popbitch_register_First_Use_notice.java:140)
... Removed 29 stack frames
</div> <!-- stack-trace -->
                </div> <!-- method-content -->
              </div> <!-- method -->
              <div class="method">
                <div class="method-content">
                  <a name="finish_notice_elements_are_displayed">
                  </a> <!-- finish_notice_elements_are_displayed -->
                  <span class="method-name">finish_notice_elements_are_displayed</span>
                  <div class="stack-trace">org.openqa.selenium.NoSuchElementException: no such element: Unable to locate element: {&quot;method&quot;:&quot;class name&quot;,&quot;selector&quot;:&quot;triangle__3TvaE&quot;}
  (Session info: chrome=78.0.3904.108)
  (Driver info: chromedriver=2.43.600229 (3fae4d0cda5334b4f533bede5a4787f7b832d052),platform=Mac OS X 10.14.6 x86_64) (WARNING: The server did not provide any stacktrace information)
Command duration or timeout: 0 milliseconds
For documentation on this error, please visit: https://www.seleniumhq.org/exceptions/no_such_element.html
Build info: version: &apos;3.141.59&apos;, revision: &apos;e82be7d358&apos;, time: &apos;2018-11-14T08:17:03&apos;
System info: host: &apos;Jayarees-MacBook-Pro.local&apos;, ip: &apos;fe80:0:0:0:1cc3:52b0:3c0d:52ea%en0&apos;, os.name: &apos;Mac OS X&apos;, os.arch: &apos;x86_64&apos;, os.version: &apos;10.14.6&apos;, java.version: &apos;1.8.0_191&apos;
Driver info: org.openqa.selenium.chrome.ChromeDriver
Capabilities {acceptInsecureCerts: false, acceptSslCerts: false, applicationCacheEnabled: false, browserConnectionEnabled: false, browserName: chrome, chrome: {chromedriverVersion: 2.43.600229 (3fae4d0cda5334..., userDataDir: /var/folders/s6/h3svzd2j4f3...}, cssSelectorsEnabled: true, databaseEnabled: false, goog:chromeOptions: {debuggerAddress: localhost:56123}, handlesAlerts: true, hasTouchScreen: false, javascriptEnabled: true, locationContextEnabled: true, mobileEmulationEnabled: false, nativeEvents: true, networkConnectionEnabled: false, pageLoadStrategy: normal, platform: MAC, platformName: MAC, rotatable: false, setWindowRect: true, takesHeapSnapshot: true, takesScreenshot: true, unexpectedAlertBehaviour: , unhandledPromptBehavior: , version: 78.0.3904.108, webStorageEnabled: true}
Session ID: 44d0f58fcfdf2919147fee449330186b
*** Element info: {Using=class name, value=triangle__3TvaE}
	at org.openqa.selenium.remote.ErrorHandler.createThrowable(ErrorHandler.java:214)
	at org.openqa.selenium.remote.ErrorHandler.throwIfResponseFailed(ErrorHandler.java:166)
	at org.openqa.selenium.remote.http.JsonHttpResponseCodec.reconstructValue(JsonHttpResponseCodec.java:40)
	at org.openqa.selenium.remote.http.AbstractHttpResponseCodec.decode(AbstractHttpResponseCodec.java:80)
	at org.openqa.selenium.remote.http.AbstractHttpResponseCodec.decode(AbstractHttpResponseCodec.java:44)
	at org.openqa.selenium.remote.HttpCommandExecutor.execute(HttpCommandExecutor.java:158)
	at org.openqa.selenium.remote.service.DriverCommandExecutor.execute(DriverCommandExecutor.java:83)
	at org.openqa.selenium.remote.RemoteWebDriver.execute(RemoteWebDriver.java:552)
	at org.openqa.selenium.remote.RemoteWebDriver.findElement(RemoteWebDriver.java:323)
	at org.openqa.selenium.remote.RemoteWebDriver.findElementByClassName(RemoteWebDriver.java:412)
	at org.openqa.selenium.By$ByClassName.findElement(By.java:389)
	at org.openqa.selenium.remote.RemoteWebDriver.findElement(RemoteWebDriver.java:315)
	at Elements.PopbitchFirstUseNoticeElements.click_on_green_tab(PopbitchFirstUseNoticeElements.java:33)
	at Stepdef.Popbitch_register_First_Use_notice.finish_notice_elements_are_displayed(Popbitch_register_First_Use_notice.java:167)
... Removed 29 stack frames
</div> <!-- stack-trace -->
                </div> <!-- method-content -->
              </div> <!-- method -->
              <div class="method">
                <div class="method-content">
                  <a name="i_enter_the_correct_details_and_hit_the_Register_button">
                  </a> <!-- i_enter_the_correct_details_and_hit_the_Register_button -->
                  <span class="method-name">i_enter_the_correct_details_and_hit_the_Register_button</span>
                  <div class="stack-trace">org.openqa.selenium.NoSuchElementException: no such element: Unable to locate element: {&quot;method&quot;:&quot;id&quot;,&quot;selector&quot;:&quot;email&quot;}
  (Session info: chrome=78.0.3904.108)
  (Driver info: chromedriver=2.43.600229 (3fae4d0cda5334b4f533bede5a4787f7b832d052),platform=Mac OS X 10.14.6 x86_64) (WARNING: The server did not provide any stacktrace information)
Command duration or timeout: 0 milliseconds
For documentation on this error, please visit: https://www.seleniumhq.org/exceptions/no_such_element.html
Build info: version: &apos;3.141.59&apos;, revision: &apos;e82be7d358&apos;, time: &apos;2018-11-14T08:17:03&apos;
System info: host: &apos;Jayarees-MacBook-Pro.local&apos;, ip: &apos;fe80:0:0:0:1cc3:52b0:3c0d:52ea%en0&apos;, os.name: &apos;Mac OS X&apos;, os.arch: &apos;x86_64&apos;, os.version: &apos;10.14.6&apos;, java.version: &apos;1.8.0_191&apos;
Driver info: org.openqa.selenium.chrome.ChromeDriver
Capabilities {acceptInsecureCerts: false, acceptSslCerts: false, applicationCacheEnabled: false, browserConnectionEnabled: false, browserName: chrome, chrome: {chromedriverVersion: 2.43.600229 (3fae4d0cda5334..., userDataDir: /var/folders/s6/h3svzd2j4f3...}, cssSelectorsEnabled: true, databaseEnabled: false, goog:chromeOptions: {debuggerAddress: localhost:56123}, handlesAlerts: true, hasTouchScreen: false, javascriptEnabled: true, locationContextEnabled: true, mobileEmulationEnabled: false, nativeEvents: true, networkConnectionEnabled: false, pageLoadStrategy: normal, platform: MAC, platformName: MAC, rotatable: false, setWindowRect: true, takesHeapSnapshot: true, takesScreenshot: true, unexpectedAlertBehaviour: , unhandledPromptBehavior: , version: 78.0.3904.108, webStorageEnabled: true}
Session ID: 44d0f58fcfdf2919147fee449330186b
*** Element info: {Using=id, value=email}
	at org.openqa.selenium.remote.ErrorHandler.createThrowable(ErrorHandler.java:214)
	at org.openqa.selenium.remote.ErrorHandler.throwIfResponseFailed(ErrorHandler.java:166)
	at org.openqa.selenium.remote.http.JsonHttpResponseCodec.reconstructValue(JsonHttpResponseCodec.java:40)
	at org.openqa.selenium.remote.http.AbstractHttpResponseCodec.decode(AbstractHttpResponseCodec.java:80)
	at org.openqa.selenium.remote.http.AbstractHttpResponseCodec.decode(AbstractHttpResponseCodec.java:44)
	at org.openqa.selenium.remote.HttpCommandExecutor.execute(HttpCommandExecutor.java:158)
	at org.openqa.selenium.remote.service.DriverCommandExecutor.execute(DriverCommandExecutor.java:83)
	at org.openqa.selenium.remote.RemoteWebDriver.execute(RemoteWebDriver.java:552)
	at org.openqa.selenium.remote.RemoteWebDriver.findElement(RemoteWebDriver.java:323)
	at org.openqa.selenium.remote.RemoteWebDriver.findElementById(RemoteWebDriver.java:372)
	at org.openqa.selenium.By$ById.findElement(By.java:188)
	at org.openqa.selenium.remote.RemoteWebDriver.findElement(RemoteWebDriver.java:315)
	at Elements.Register_Page_Elements.Registration_Process(Register_Page_Elements.java:89)
	at Stepdef.Popbitch_register_First_Use_notice.i_enter_the_correct_details_and_hit_the_Register_button(Popbitch_register_First_Use_notice.java:114)
... Removed 29 stack frames
</div> <!-- stack-trace -->
                </div> <!-- method-content -->
              </div> <!-- method -->
              <div class="method">
                <div class="method-content">
                  <a name="i_login_successfully">
                  </a> <!-- i_login_successfully -->
                  <span class="method-name">i_login_successfully</span>
                  <div class="stack-trace">java.lang.AssertionError: expected:&lt;https://popbitch.com/2019/02/a-doggy-shag-tale/&gt; but was:&lt;https://account.agate.io/my-agate/sign-up?mp=16e93af39b188a-0d0c548a7db2cc-3963720f-13c680-16e93af39b2709&amp;pub_id=exl&amp;publication_name=Examiner%20Live&amp;url_from=https%3A%2F%2Fwww.examinerlive.co.uk%2Fnews%2Fhistory%2Fstrangest-named-pubs-huddersfield-through-16454898&amp;variant=1&amp;referrer=&gt;
	at Stepdef.Popbitch_register_First_Use_notice.i_login_successfully(Popbitch_register_First_Use_notice.java:124)
... Removed 27 stack frames
</div> <!-- stack-trace -->
                </div> <!-- method-content -->
              </div> <!-- method -->
              <div class="method">
                <div class="method-content">
                  <a name="i_verify_that_the_create_wallet_button_navigates_me_to_the_sign_up_page">
                  </a> <!-- i_verify_that_the_create_wallet_button_navigates_me_to_the_sign_up_page -->
                  <span class="method-name">i_verify_that_the_create_wallet_button_navigates_me_to_the_sign_up_page</span>
                  <div class="stack-trace">org.openqa.selenium.NoSuchElementException: no such element: Unable to locate element: {&quot;method&quot;:&quot;id&quot;,&quot;selector&quot;:&quot;email&quot;}
  (Session info: chrome=78.0.3904.108)
  (Driver info: chromedriver=2.43.600229 (3fae4d0cda5334b4f533bede5a4787f7b832d052),platform=Mac OS X 10.14.6 x86_64) (WARNING: The server did not provide any stacktrace information)
Command duration or timeout: 0 milliseconds
For documentation on this error, please visit: https://www.seleniumhq.org/exceptions/no_such_element.html
Build info: version: &apos;3.141.59&apos;, revision: &apos;e82be7d358&apos;, time: &apos;2018-11-14T08:17:03&apos;
System info: host: &apos;Jayarees-MacBook-Pro.local&apos;, ip: &apos;fe80:0:0:0:1cc3:52b0:3c0d:52ea%en0&apos;, os.name: &apos;Mac OS X&apos;, os.arch: &apos;x86_64&apos;, os.version: &apos;10.14.6&apos;, java.version: &apos;1.8.0_191&apos;
Driver info: org.openqa.selenium.chrome.ChromeDriver
Capabilities {acceptInsecureCerts: false, acceptSslCerts: false, applicationCacheEnabled: false, browserConnectionEnabled: false, browserName: chrome, chrome: {chromedriverVersion: 2.43.600229 (3fae4d0cda5334..., userDataDir: /var/folders/s6/h3svzd2j4f3...}, cssSelectorsEnabled: true, databaseEnabled: false, goog:chromeOptions: {debuggerAddress: localhost:56123}, handlesAlerts: true, hasTouchScreen: false, javascriptEnabled: true, locationContextEnabled: true, mobileEmulationEnabled: false, nativeEvents: true, networkConnectionEnabled: false, pageLoadStrategy: normal, platform: MAC, platformName: MAC, rotatable: false, setWindowRect: true, takesHeapSnapshot: true, takesScreenshot: true, unexpectedAlertBehaviour: , unhandledPromptBehavior: , version: 78.0.3904.108, webStorageEnabled: true}
Session ID: 44d0f58fcfdf2919147fee449330186b
*** Element info: {Using=id, value=email}
	at org.openqa.selenium.remote.ErrorHandler.createThrowable(ErrorHandler.java:214)
	at org.openqa.selenium.remote.ErrorHandler.throwIfResponseFailed(ErrorHandler.java:166)
	at org.openqa.selenium.remote.http.JsonHttpResponseCodec.reconstructValue(JsonHttpResponseCodec.java:40)
	at org.openqa.selenium.remote.http.AbstractHttpResponseCodec.decode(AbstractHttpResponseCodec.java:80)
	at org.openqa.selenium.remote.http.AbstractHttpResponseCodec.decode(AbstractHttpResponseCodec.java:44)
	at org.openqa.selenium.remote.HttpCommandExecutor.execute(HttpCommandExecutor.java:158)
	at org.openqa.selenium.remote.service.DriverCommandExecutor.execute(DriverCommandExecutor.java:83)
	at org.openqa.selenium.remote.RemoteWebDriver.execute(RemoteWebDriver.java:552)
	at org.openqa.selenium.remote.RemoteWebDriver.findElement(RemoteWebDriver.java:323)
	at org.openqa.selenium.remote.RemoteWebDriver.findElementById(RemoteWebDriver.java:372)
	at org.openqa.selenium.By$ById.findElement(By.java:188)
	at org.openqa.selenium.remote.RemoteWebDriver.findElement(RemoteWebDriver.java:315)
	at Elements.Register_Page_Elements.wait_untill_page_has_loaded(Register_Page_Elements.java:1183)
	at Stepdef.Popbitch_register_First_Use_notice.i_verify_that_the_create_wallet_button_navigates_me_to_the_sign_up_page(Popbitch_register_First_Use_notice.java:92)
... Removed 29 stack frames
</div> <!-- stack-trace -->
                </div> <!-- method-content -->
              </div> <!-- method -->
            </div> <!-- main-panel-content rounded-window-bottom -->
          </div> <!-- suite-_Popbitch_Chrome-class-failed -->
          <div class="suite-_Popbitch_Chrome-class-passed">
            <div class="main-panel-header rounded-window-top">
              <img src="passed.png"/>
              <span class="class-name">Stepdef.Popbitch_login_First_Use_Notice</span>
            </div> <!-- main-panel-header rounded-window-top -->
            <div class="main-panel-content rounded-window-bottom">
              <div class="method">
                <div class="method-content">
                  <a name="i_Click_on_Login_to_Agate_from_the_Pop_Bitch_First_use_notice">
                  </a> <!-- i_Click_on_Login_to_Agate_from_the_Pop_Bitch_First_use_notice -->
                  <span class="method-name">i_Click_on_Login_to_Agate_from_the_Pop_Bitch_First_use_notice</span>
                </div> <!-- method-content -->
              </div> <!-- method -->
              <div class="method">
                <div class="method-content">
                  <a name="i_Login_with_correct_Details">
                  </a> <!-- i_Login_with_correct_Details -->
                  <span class="method-name">i_Login_with_correct_Details</span>
                </div> <!-- method-content -->
              </div> <!-- method -->
              <div class="method">
                <div class="method-content">
                  <a name="i_am_a_registered_user_I_open_the_browser(Chrome)">
                  </a> <!-- i_am_a_registered_user_I_open_the_browser(Chrome) -->
                  <span class="method-name">i_am_a_registered_user_I_open_the_browser</span>
                  <span class="parameters">(Chrome)</span>
                </div> <!-- method-content -->
              </div> <!-- method -->
              <div class="method">
                <div class="method-content">
                  <a name="i_navigate_to_popbitch_com">
                  </a> <!-- i_navigate_to_popbitch_com -->
                  <span class="method-name">i_navigate_to_popbitch_com</span>
                </div> <!-- method-content -->
              </div> <!-- method -->
              <div class="method">
                <div class="method-content">
                  <a name="i_verify_that_the_Login_Button_Navigates_me_to_the_login_page">
                  </a> <!-- i_verify_that_the_Login_Button_Navigates_me_to_the_login_page -->
                  <span class="method-name">i_verify_that_the_Login_Button_Navigates_me_to_the_login_page</span>
                </div> <!-- method-content -->
              </div> <!-- method -->
            </div> <!-- main-panel-content rounded-window-bottom -->
          </div> <!-- suite-_Popbitch_Chrome-class-passed -->
          <div class="suite-_Popbitch_Chrome-class-passed">
            <div class="main-panel-header rounded-window-top">
              <img src="passed.png"/>
              <span class="class-name">Stepdef.popbitch_transaction</span>
            </div> <!-- main-panel-header rounded-window-top -->
            <div class="main-panel-content rounded-window-bottom">
              <div class="method">
                <div class="method-content">
                  <a name="the_New_European_wallet_balance_is_updated_same_as_popbitch_and_free_point_remains_uneffected">
                  </a> <!-- the_New_European_wallet_balance_is_updated_same_as_popbitch_and_free_point_remains_uneffected -->
                  <span class="method-name">the_New_European_wallet_balance_is_updated_same_as_popbitch_and_free_point_remains_uneffected</span>
                </div> <!-- method-content -->
              </div> <!-- method -->
              <div class="method">
                <div class="method-content">
                  <a name="the_wallet_balance_and_free_point_are_deducted_by_p">
                  </a> <!-- the_wallet_balance_and_free_point_are_deducted_by_p -->
                  <span class="method-name">the_wallet_balance_and_free_point_are_deducted_by_p</span>
                </div> <!-- method-content -->
              </div> <!-- method -->
            </div> <!-- main-panel-content rounded-window-bottom -->
          </div> <!-- suite-_Popbitch_Chrome-class-passed -->
          <div class="suite-_Popbitch_Chrome-class-passed">
            <div class="main-panel-header rounded-window-top">
              <img src="passed.png"/>
              <span class="class-name">Stepdef.Popbitch_register_First_Use_notice</span>
            </div> <!-- main-panel-header rounded-window-top -->
            <div class="main-panel-content rounded-window-bottom">
              <div class="method">
                <div class="method-content">
                  <a name="i_am_not_a_user_of_Agate_I_open_a_browser(Chrome)">
                  </a> <!-- i_am_not_a_user_of_Agate_I_open_a_browser(Chrome) -->
                  <span class="method-name">i_am_not_a_user_of_Agate_I_open_a_browser</span>
                  <span class="parameters">(Chrome)</span>
                </div> <!-- method-content -->
              </div> <!-- method -->
              <div class="method">
                <div class="method-content">
                  <a name="i_click_on_the_create_agate_wallet_from_the_first_use_notice">
                  </a> <!-- i_click_on_the_create_agate_wallet_from_the_first_use_notice -->
                  <span class="method-name">i_click_on_the_create_agate_wallet_from_the_first_use_notice</span>
                </div> <!-- method-content -->
              </div> <!-- method -->
              <div class="method">
                <div class="method-content">
                  <a name="i_navigate_to_popbitch_com_from_the_browser">
                  </a> <!-- i_navigate_to_popbitch_com_from_the_browser -->
                  <span class="method-name">i_navigate_to_popbitch_com_from_the_browser</span>
                </div> <!-- method-content -->
              </div> <!-- method -->
            </div> <!-- main-panel-content rounded-window-bottom -->
          </div> <!-- suite-_Popbitch_Chrome-class-passed -->
        </div> <!-- panel _Popbitch_Chrome -->
        <div panel-name="test-xml-_Popbitch_Chrome" class="panel">
          <div class="main-panel-header rounded-window-top">
            <span class="header-content">/Users/jay/eclipse-workspace/agate_system_tests/1Popbitch_chrome.xml</span>
          </div> <!-- main-panel-header rounded-window-top -->
          <div class="main-panel-content rounded-window-bottom">
            <pre>
&lt;?xml version=&quot;1.0&quot; encoding=&quot;UTF-8&quot;?&gt;
&lt;!DOCTYPE suite SYSTEM &quot;http://testng.org/testng-1.0.dtd&quot;&gt;
&lt;suite guice-stage=&quot;DEVELOPMENT&quot; name=&quot; Popbitch Chrome&quot;&gt;
  &lt;test thread-count=&quot;5&quot; name=&quot;Chrome&quot;&gt;
    &lt;parameter name=&quot;browser&quot; value=&quot;Chrome&quot;/&gt;
    &lt;classes&gt;
      &lt;class name=&quot;Stepdef.Popbitch_register_First_Use_notice&quot;/&gt;
      &lt;class name=&quot;Stepdef.Popbitch_login_First_Use_Notice&quot;/&gt;
      &lt;class name=&quot;Stepdef.popbitch_transaction&quot;/&gt;
    &lt;/classes&gt;
  &lt;/test&gt; &lt;!-- Chrome --&gt;
&lt;/suite&gt; &lt;!--  Popbitch Chrome --&gt;
            </pre>
          </div> <!-- main-panel-content rounded-window-bottom -->
        </div> <!-- panel -->
        <div panel-name="testlist-_Popbitch_Chrome" class="panel">
          <div class="main-panel-header rounded-window-top">
            <span class="header-content">Tests for  Popbitch Chrome</span>
          </div> <!-- main-panel-header rounded-window-top -->
          <div class="main-panel-content rounded-window-bottom">
            <ul>
              <li>
                <span class="test-name">Chrome (3 classes)</span>
              </li>
            </ul>
          </div> <!-- main-panel-content rounded-window-bottom -->
        </div> <!-- panel -->
        <div panel-name="group-_Popbitch_Chrome" class="panel">
          <div class="main-panel-header rounded-window-top">
            <span class="header-content">Groups for  Popbitch Chrome</span>
          </div> <!-- main-panel-header rounded-window-top -->
          <div class="main-panel-content rounded-window-bottom">
          </div> <!-- main-panel-content rounded-window-bottom -->
        </div> <!-- panel -->
        <div panel-name="times-_Popbitch_Chrome" class="panel">
          <div class="main-panel-header rounded-window-top">
            <span class="header-content">Times for  Popbitch Chrome</span>
          </div> <!-- main-panel-header rounded-window-top -->
          <div class="main-panel-content rounded-window-bottom">
            <div class="times-div">
              <script type="text/javascript">
suiteTableInitFunctions.push('tableData__Popbitch_Chrome');
function tableData__Popbitch_Chrome() {
var data = new google.visualization.DataTable();
data.addColumn('number', 'Number');
data.addColumn('string', 'Method');
data.addColumn('string', 'Class');
data.addColumn('number', 'Time (ms)');
data.addRows(22);
data.setCell(0, 0, 0)
data.setCell(0, 1, 'i_verify_that_the_create_wallet_button_navigates_me_to_the_sign_up_page')
data.setCell(0, 2, 'Stepdef.Popbitch_register_First_Use_notice')
data.setCell(0, 3, 24724);
data.setCell(1, 0, 1)
data.setCell(1, 1, 'i_Click_on_Login_to_Agate_from_the_Pop_Bitch_First_use_notice')
data.setCell(1, 2, 'Stepdef.Popbitch_login_First_Use_Notice')
data.setCell(1, 3, 20190);
data.setCell(2, 0, 2)
data.setCell(2, 1, 'finish_Notice_appears')
data.setCell(2, 2, 'Stepdef.Popbitch_register_First_Use_notice')
data.setCell(2, 3, 15028);
data.setCell(3, 0, 3)
data.setCell(3, 1, 'i_am_a_registered_Agate_User_and_I_login_in_to_popbitch_staging_with_username_as_and_password_as')
data.setCell(3, 2, 'Stepdef.popbitch_transaction')
data.setCell(3, 3, 15018);
data.setCell(4, 0, 4)
data.setCell(4, 1, 'i_Login_with_correct_Details')
data.setCell(4, 2, 'Stepdef.Popbitch_login_First_Use_Notice')
data.setCell(4, 3, 11448);
data.setCell(5, 0, 5)
data.setCell(5, 1, 'i_click_on_the_create_agate_wallet_from_the_first_use_notice')
data.setCell(5, 2, 'Stepdef.Popbitch_register_First_Use_notice')
data.setCell(5, 3, 11158);
data.setCell(6, 0, 6)
data.setCell(6, 1, 'i_verify_that_the_Login_Button_Navigates_me_to_the_login_page')
data.setCell(6, 2, 'Stepdef.Popbitch_login_First_Use_Notice')
data.setCell(6, 3, 10017);
data.setCell(7, 0, 7)
data.setCell(7, 1, 'i_navigate_to_popbitch_com_from_the_browser')
data.setCell(7, 2, 'Stepdef.Popbitch_register_First_Use_notice')
data.setCell(7, 3, 8319);
data.setCell(8, 0, 8)
data.setCell(8, 1, 'i_enter_the_correct_details_and_hit_the_Register_button')
data.setCell(8, 2, 'Stepdef.Popbitch_register_First_Use_notice')
data.setCell(8, 3, 5096);
data.setCell(9, 0, 9)
data.setCell(9, 1, 'i_login_successfully')
data.setCell(9, 2, 'Stepdef.Popbitch_register_First_Use_notice')
data.setCell(9, 3, 5017);
data.setCell(10, 0, 10)
data.setCell(10, 1, 'i_navigate_to_popbitch_com')
data.setCell(10, 2, 'Stepdef.Popbitch_login_First_Use_Notice')
data.setCell(10, 3, 4639);
data.setCell(11, 0, 11)
data.setCell(11, 1, 'finish_notice_elements_are_displayed')
data.setCell(11, 2, 'Stepdef.Popbitch_register_First_Use_notice')
data.setCell(11, 3, 2017);
data.setCell(12, 0, 12)
data.setCell(12, 1, 'i_verify_that_I_am_navigated_to_the_full_article')
data.setCell(12, 2, 'Stepdef.Popbitch_login_First_Use_Notice')
data.setCell(12, 3, 2014);
data.setCell(13, 0, 13)
data.setCell(13, 1, 'the_wallet_balance_and_free_point_are_deducted_by_p')
data.setCell(13, 2, 'Stepdef.popbitch_transaction')
data.setCell(13, 3, 2001);
data.setCell(14, 0, 14)
data.setCell(14, 1, 'i_am_not_a_user_of_Agate_I_open_a_browser')
data.setCell(14, 2, 'Stepdef.Popbitch_register_First_Use_notice')
data.setCell(14, 3, 1593);
data.setCell(15, 0, 15)
data.setCell(15, 1, 'i_am_a_registered_user_I_open_the_browser')
data.setCell(15, 2, 'Stepdef.Popbitch_login_First_Use_Notice')
data.setCell(15, 3, 843);
data.setCell(16, 0, 16)
data.setCell(16, 1, 'Cornwall_wallet_balance_is_updated_and_free_point_remains_uneffected')
data.setCell(16, 2, 'Stepdef.popbitch_transaction')
data.setCell(16, 3, 7);
data.setCell(17, 0, 17)
data.setCell(17, 1, 'cricketer_wallet_balance_remains_and_is_uneffected')
data.setCell(17, 2, 'Stepdef.popbitch_transaction')
data.setCell(17, 3, 6);
data.setCell(18, 0, 18)
data.setCell(18, 1, 'i_read_a_premium_article')
data.setCell(18, 2, 'Stepdef.popbitch_transaction')
data.setCell(18, 3, 6);
data.setCell(19, 0, 19)
data.setCell(19, 1, 'slough_wallet_balance_remains_and_is_uneffected_by_popbitch')
data.setCell(19, 2, 'Stepdef.popbitch_transaction')
data.setCell(19, 3, 5);
data.setCell(20, 0, 20)
data.setCell(20, 1, 'reactions_wallet_balance_is_updated_and_free_point_remains_uneffected')
data.setCell(20, 2, 'Stepdef.popbitch_transaction')
data.setCell(20, 3, 5);
data.setCell(21, 0, 21)
data.setCell(21, 1, 'the_New_European_wallet_balance_is_updated_same_as_popbitch_and_free_point_remains_uneffected')
data.setCell(21, 2, 'Stepdef.popbitch_transaction')
data.setCell(21, 3, 1);
window.suiteTableData['_Popbitch_Chrome']= { tableData: data, tableDiv: 'times-div-_Popbitch_Chrome'}
return data;
}
              </script>
              <span class="suite-total-time">Total running time: 2 minutes</span>
              <div id="times-div-_Popbitch_Chrome">
              </div> <!-- times-div-_Popbitch_Chrome -->
            </div> <!-- times-div -->
          </div> <!-- main-panel-content rounded-window-bottom -->
        </div> <!-- panel -->
        <div panel-name="reporter-_Popbitch_Chrome" class="panel">
          <div class="main-panel-header rounded-window-top">
            <span class="header-content">Reporter output for  Popbitch Chrome</span>
          </div> <!-- main-panel-header rounded-window-top -->
          <div class="main-panel-content rounded-window-bottom">
          </div> <!-- main-panel-content rounded-window-bottom -->
        </div> <!-- panel -->
        <div panel-name="ignored-methods-_Popbitch_Chrome" class="panel">
          <div class="main-panel-header rounded-window-top">
            <span class="header-content">0 ignored methods</span>
          </div> <!-- main-panel-header rounded-window-top -->
          <div class="main-panel-content rounded-window-bottom">
          </div> <!-- main-panel-content rounded-window-bottom -->
        </div> <!-- panel -->
        <div panel-name="chronological-_Popbitch_Chrome" class="panel">
          <div class="main-panel-header rounded-window-top">
            <span class="header-content">Methods in chronological order</span>
          </div> <!-- main-panel-header rounded-window-top -->
          <div class="main-panel-content rounded-window-bottom">
            <div class="chronological-class">
              <div class="chronological-class-name">Stepdef.Popbitch_register_First_Use_notice</div> <!-- chronological-class-name -->
              <div class="test-method">
                <span class="method-name">i_am_not_a_user_of_Agate_I_open_a_browser(Chrome)</span>
                <span class="method-start">0 ms</span>
              </div> <!-- test-method -->
              <div class="test-method">
                <span class="method-name">i_navigate_to_popbitch_com_from_the_browser</span>
                <span class="method-start">1596 ms</span>
              </div> <!-- test-method -->
              <div class="test-method">
                <span class="method-name">i_click_on_the_create_agate_wallet_from_the_first_use_notice</span>
                <span class="method-start">9918 ms</span>
              </div> <!-- test-method -->
              <div class="test-method">
                <img src="failed.png">
                </img>
                <span class="method-name">i_verify_that_the_create_wallet_button_navigates_me_to_the_sign_up_page</span>
                <span class="method-start">21078 ms</span>
              </div> <!-- test-method -->
              <div class="test-method">
                <img src="failed.png">
                </img>
                <span class="method-name">i_enter_the_correct_details_and_hit_the_Register_button</span>
                <span class="method-start">45806 ms</span>
              </div> <!-- test-method -->
              <div class="test-method">
                <img src="failed.png">
                </img>
                <span class="method-name">i_login_successfully</span>
                <span class="method-start">50904 ms</span>
              </div> <!-- test-method -->
              <div class="test-method">
                <img src="failed.png">
                </img>
                <span class="method-name">finish_Notice_appears</span>
                <span class="method-start">55922 ms</span>
              </div> <!-- test-method -->
              <div class="test-method">
                <img src="failed.png">
                </img>
                <span class="method-name">finish_notice_elements_are_displayed</span>
                <span class="method-start">70952 ms</span>
              </div> <!-- test-method -->
            </div> <!-- chronological-class -->
            <div class="chronological-class">
              <div class="chronological-class-name">Stepdef.Popbitch_login_First_Use_Notice</div> <!-- chronological-class-name -->
              <div class="test-method">
                <span class="method-name">i_am_a_registered_user_I_open_the_browser(Chrome)</span>
                <span class="method-start">72971 ms</span>
              </div> <!-- test-method -->
              <div class="test-method">
                <span class="method-name">i_navigate_to_popbitch_com</span>
                <span class="method-start">73816 ms</span>
              </div> <!-- test-method -->
              <div class="test-method">
                <span class="method-name">i_Click_on_Login_to_Agate_from_the_Pop_Bitch_First_use_notice</span>
                <span class="method-start">78456 ms</span>
              </div> <!-- test-method -->
              <div class="test-method">
                <span class="method-name">i_verify_that_the_Login_Button_Navigates_me_to_the_login_page</span>
                <span class="method-start">98647 ms</span>
              </div> <!-- test-method -->
              <div class="test-method">
                <span class="method-name">i_Login_with_correct_Details</span>
                <span class="method-start">108665 ms</span>
              </div> <!-- test-method -->
              <div class="test-method">
                <img src="failed.png">
                </img>
                <span class="method-name">i_verify_that_I_am_navigated_to_the_full_article</span>
                <span class="method-start">120115 ms</span>
              </div> <!-- test-method -->
            </div> <!-- chronological-class -->
            <div class="chronological-class">
              <div class="chronological-class-name">Stepdef.popbitch_transaction</div> <!-- chronological-class-name -->
              <div class="test-method">
                <img src="failed.png">
                </img>
                <span class="method-name">i_am_a_registered_Agate_User_and_I_login_in_to_popbitch_staging_with_username_as_and_password_as(Chrome)</span>
                <span class="method-start">122132 ms</span>
              </div> <!-- test-method -->
              <div class="test-method">
                <img src="failed.png">
                </img>
                <span class="method-name">i_read_a_premium_article</span>
                <span class="method-start">137151 ms</span>
              </div> <!-- test-method -->
              <div class="test-method">
                <span class="method-name">the_wallet_balance_and_free_point_are_deducted_by_p</span>
                <span class="method-start">137158 ms</span>
              </div> <!-- test-method -->
              <div class="test-method">
                <span class="method-name">the_New_European_wallet_balance_is_updated_same_as_popbitch_and_free_point_remains_uneffected</span>
                <span class="method-start">139160 ms</span>
              </div> <!-- test-method -->
              <div class="test-method">
                <img src="failed.png">
                </img>
                <span class="method-name">reactions_wallet_balance_is_updated_and_free_point_remains_uneffected</span>
                <span class="method-start">139162 ms</span>
              </div> <!-- test-method -->
              <div class="test-method">
                <img src="failed.png">
                </img>
                <span class="method-name">Cornwall_wallet_balance_is_updated_and_free_point_remains_uneffected</span>
                <span class="method-start">139169 ms</span>
              </div> <!-- test-method -->
              <div class="test-method">
                <img src="failed.png">
                </img>
                <span class="method-name">cricketer_wallet_balance_remains_and_is_uneffected</span>
                <span class="method-start">139177 ms</span>
              </div> <!-- test-method -->
              <div class="test-method">
                <img src="failed.png">
                </img>
                <span class="method-name">slough_wallet_balance_remains_and_is_uneffected_by_popbitch</span>
                <span class="method-start">139184 ms</span>
              </div> <!-- test-method -->
          </div> <!-- main-panel-content rounded-window-bottom -->
        </div> <!-- panel -->
      </div> <!-- main-panel-root -->
    </div> <!-- wrapper -->
  </body>
</html>
