<?xml version="1.0" encoding="UTF-8"?>
<!-- Generated by org.testng.reporters.JUnitXMLReporter -->
<testsuite hostname="Jayarees-MacBook-Pro.local" ignored="0" name="Reaction" tests="18" failures="3" timestamp="22 Aug 2019 20:39:10 GMT" time="582.845" errors="0">
  <testcase name="i_am_not_a_user_of_agate_on_reaction_and_I_open_a_browser" time="1.56" classname="Stepdef.Reaction_register_first_use_notice"/>
  <testcase name="i_navigate_to_a_premium_article_on_reaction" time="14.197" classname="Stepdef.Reaction_register_first_use_notice"/>
  <testcase name="i_click_on_the_create_wallet_button_of_reaction_first_use_notice" time="51.636" classname="Stepdef.Reaction_register_first_use_notice"/>
  <testcase name="i_verify_that_the_create_wallet_button_on_reaction_first_use_notice_takes_me_to_the_reg_page" time="22.034" classname="Stepdef.Reaction_register_first_use_notice"/>
  <testcase name="i_enter_all_the_details_successfully_on_the_reg_page" time="89.997" classname="Stepdef.Reaction_register_first_use_notice"/>
  <testcase name="i_am_registered_as_an_agate_user_on_reaction_successfully_and_I_am_shown_a_first_use_notice" time="79.68" classname="Stepdef.Reaction_register_first_use_notice"/>
  <testcase name="i_am_a_registered_user_of_reaction_and_I_open_a_browser" time="0.973" classname="Stepdef.Reaction_Login_first_use_notice"/>
  <testcase name="i_navigate_to_a_premium_article_on_reaction_life" time="19.069" classname="Stepdef.Reaction_Login_first_use_notice"/>
  <testcase name="i_click_on_Login_from_reaction_First_use_notice" time="33.151" classname="Stepdef.Reaction_Login_first_use_notice"/>
  <testcase name="i_verify_that_the_Login_Button_Navigates_me_to_the_login_page_to_log_me_in_to_reaction" time="10.424" classname="Stepdef.Reaction_Login_first_use_notice"/>
  <testcase name="entering_the_correct_email_and_password_logs_me_in_to_reaction" time="9.124" classname="Stepdef.Reaction_Login_first_use_notice"/>
  <testcase name="verify_that_I_am_being_navigated_to_the_same_article" time="48.693" classname="Stepdef.Reaction_Login_first_use_notice"/>
  <testcase name="i_am_a_registered_Agate_User_and_I_login_in_to_Reaction" time="68.306" classname="Stepdef.Reaction_Transaction"/>
  <testcase name="i_read_a_premium_article_on_reaction" time="37.33" classname="Stepdef.Reaction_Transaction"/>
  <testcase name="the_wallet_balance_and_free_point_are_deducted_by_x_amount_on_reaction_wallet" time="50.175" classname="Stepdef.Reaction_Transaction"/>
  <testcase name="the_popbitch_wallet_balance_is_updated_same_as_reaction_and_free_point_remains_uneffected" time="16.238" classname="Stepdef.Reaction_Transaction">
    <failure type="java.lang.AssertionError" message="expected:&amp;lt;50&amp;gt; but was:&amp;lt;until free&amp;gt;">
      <![CDATA[java.lang.AssertionError: expected:<50> but was:<until free>
at Stepdef.Reaction_Transaction.the_popbitch_wallet_balance_is_updated_same_as_reaction_and_free_point_remains_uneffected(Reaction_Transaction.java:275)
... Removed 27 stack frames]]>
    </failure>
  </testcase> <!-- the_popbitch_wallet_balance_is_updated_same_as_reaction_and_free_point_remains_uneffected -->
  <testcase name="cricketer_wallet_balance_is_updated_and_free_point_remains_uneffected" time="14.883" classname="Stepdef.Reaction_Transaction">
    <failure type="java.lang.AssertionError" message="expected:&amp;lt;1.80&amp;gt; but was:&amp;lt;until free&amp;gt;">
      <![CDATA[java.lang.AssertionError: expected:<1.80> but was:<until free>
at Stepdef.Reaction_Transaction.cricketer_wallet_balance_is_updated_and_free_point_remains_uneffected(Reaction_Transaction.java:339)
... Removed 27 stack frames]]>
    </failure>
  </testcase> <!-- cricketer_wallet_balance_is_updated_and_free_point_remains_uneffected -->
  <testcase name="Cornwall_wallet_balance_remains_and_is_uneffected" time="15.323" classname="Stepdef.Reaction_Transaction">
    <failure type="java.lang.AssertionError" message="expected:&amp;lt;1.00&amp;gt; but was:&amp;lt;until free&amp;gt;">
      <![CDATA[java.lang.AssertionError: expected:<1.00> but was:<until free>
at Stepdef.Reaction_Transaction.Cornwall_wallet_balance_remains_and_is_uneffected(Reaction_Transaction.java:404)
... Removed 27 stack frames]]>
    </failure>
  </testcase> <!-- Cornwall_wallet_balance_remains_and_is_uneffected -->
</testsuite> <!-- Reaction -->
